\BOOKMARK [0][-]{section*.2}{List of Figures}{}% 1
\BOOKMARK [0][-]{chapter.1}{Introduction}{}% 2
\BOOKMARK [1][-]{section.1.1}{Quantum walk}{chapter.1}% 3
\BOOKMARK [1][-]{section.1.2}{Many-body systems}{chapter.1}% 4
\BOOKMARK [1][-]{section.1.3}{Computational complexity}{chapter.1}% 5
\BOOKMARK [1][-]{section.1.4}{Hamiltonian Complexity}{chapter.1}% 6
\BOOKMARK [1][-]{section.1.5}{Notation and requisite mathematics}{chapter.1}% 7
\BOOKMARK [1][-]{section.1.6}{Layout of thesis}{chapter.1}% 8
\BOOKMARK [0][-]{chapter.2}{Scattering on graphs}{}% 9
\BOOKMARK [1][-]{section.2.1}{Introduction and motivation}{chapter.2}% 10
\BOOKMARK [2][-]{subsection.2.1.1}{Infinite path}{section.2.1}% 11
\BOOKMARK [2][-]{subsection.2.1.2}{Scattering off of a graph}{section.2.1}% 12
\BOOKMARK [3][-]{subsubsection.2.1.2.1}{R/T gadgets}{subsection.2.1.2}% 13
\BOOKMARK [3][-]{subsubsection.2.1.2.2}{General graphs}{subsection.2.1.2}% 14
\BOOKMARK [2][-]{subsection.2.1.3}{Momentum switches}{section.2.1}% 15
\BOOKMARK [2][-]{subsection.2.1.4}{Applying an encoded unitary}{section.2.1}% 16
\BOOKMARK [1][-]{section.2.2}{Degree-3 graphs are sufficent}{chapter.2}% 17
\BOOKMARK [1][-]{section.2.3}{Multi-particle quantum walk}{chapter.2}% 18
\BOOKMARK [1][-]{section.2.4}{Two-particle scattering on an infinite path}{chapter.2}% 19
\BOOKMARK [0][-]{chapter.3}{Universality of single-particle scattering}{}% 20
\BOOKMARK [1][-]{section.3.1}{Finite truncation}{chapter.3}% 21
\BOOKMARK [1][-]{section.3.2}{Using scattering for simple computation}{chapter.3}% 22
\BOOKMARK [1][-]{section.3.3}{Encoded two-qubit gates}{chapter.3}% 23
\BOOKMARK [1][-]{section.3.4}{Single-qubit blocks}{chapter.3}% 24
\BOOKMARK [1][-]{section.3.5}{Combining blocks}{chapter.3}% 25
\BOOKMARK [0][-]{chapter.4}{Universality of multi-particle scattering}{}% 26
\BOOKMARK [1][-]{section.4.1}{Applying an encoded C-gate}{chapter.4}% 27
\BOOKMARK [2][-]{subsection.4.1.1}{Finite truncation}{section.4.1}% 28
\BOOKMARK [2][-]{subsection.4.1.2}{Construction of C-gate}{section.4.1}% 29
\BOOKMARK [1][-]{section.4.2}{Impossibility of some momentum switches}{chapter.4}% 30
\BOOKMARK [1][-]{section.4.3}{Universal Computation}{chapter.4}% 31
\BOOKMARK [2][-]{subsection.4.3.1}{Two-qubit blocks}{section.4.3}% 32
\BOOKMARK [2][-]{subsection.4.3.2}{Combining blocks}{section.4.3}% 33
\BOOKMARK [1][-]{section.4.4}{Improvements and Modifications}{chapter.4}% 34
\BOOKMARK [0][-]{chapter.5}{Ground energy of quantum walk}{}% 35
\BOOKMARK [1][-]{section.5.1}{Encoding computations as states}{chapter.5}% 36
\BOOKMARK [2][-]{subsection.5.1.1}{History states}{section.5.1}% 37
\BOOKMARK [1][-]{section.5.2}{Determining ground energy of a sparse adjacency matrix is QMA-complete}{chapter.5}% 38
\BOOKMARK [2][-]{subsection.5.2.1}{Kitaev Hamiltonian}{section.5.2}% 39
\BOOKMARK [2][-]{subsection.5.2.2}{Transformation to Adjacency Matrix}{section.5.2}% 40
\BOOKMARK [0][-]{chapter.6}{Ground energy of multi-particle quantum walk}{}% 41
\BOOKMARK [1][-]{section.6.1}{Introduction}{chapter.6}% 42
\BOOKMARK [2][-]{subsection.6.1.1}{Containment in QMA}{section.6.1}% 43
\BOOKMARK [2][-]{subsection.6.1.2}{Reduction to frustration-free case}{section.6.1}% 44
\BOOKMARK [1][-]{section.6.2}{Constructing the underlying graph for QMA-hardness}{chapter.6}% 45
\BOOKMARK [2][-]{subsection.6.2.1}{Gate graphs}{section.6.2}% 46
\BOOKMARK [3][-]{subsubsection.6.2.1.1}{The graph g0}{subsection.6.2.1}% 47
\BOOKMARK [3][-]{subsubsection.6.2.1.2}{Gate graphs}{subsection.6.2.1}% 48
\BOOKMARK [3][-]{subsubsection.6.2.1.3}{Frustration-free states for a given interaction range}{subsection.6.2.1}% 49
\BOOKMARK [2][-]{subsection.6.2.2}{Gadgets}{section.6.2}% 50
\BOOKMARK [3][-]{subsubsection.6.2.2.1}{The move-together gadget}{subsection.6.2.2}% 51
\BOOKMARK [3][-]{subsubsection.6.2.2.2}{Two-qubit gate gadget}{subsection.6.2.2}% 52
\BOOKMARK [3][-]{subsubsection.6.2.2.3}{Boundary gadget}{subsection.6.2.2}% 53
\BOOKMARK [2][-]{subsection.6.2.3}{Gate graph for a given circuit}{section.6.2}% 54
\BOOKMARK [3][-]{subsubsection.6.2.3.1}{Occupancy constraints graph}{subsection.6.2.3}% 55
\BOOKMARK [1][-]{section.6.3}{Proof of QMA-hardness for MPQW ground energy}{chapter.6}% 56
\BOOKMARK [2][-]{subsection.6.3.1}{Overview}{section.6.3}% 57
\BOOKMARK [2][-]{subsection.6.3.2}{Configurations}{section.6.3}% 58
\BOOKMARK [3][-]{subsubsection.6.3.2.1}{Legal configurations}{subsection.6.3.2}% 59
\BOOKMARK [2][-]{subsection.6.3.3}{The occupancy constraints lemma}{section.6.3}% 60
\BOOKMARK [2][-]{subsection.6.3.4}{Completeness and Soundness}{section.6.3}% 61
\BOOKMARK [1][-]{section.6.4}{Open questions}{chapter.6}% 62
\BOOKMARK [0][-]{chapter.7}{Ground energy of spin systems}{}% 63
\BOOKMARK [1][-]{section.7.1}{Relation between spins and particles}{chapter.7}% 64
\BOOKMARK [2][-]{subsection.7.1.1}{The transform}{section.7.1}% 65
\BOOKMARK [1][-]{section.7.2}{Hardness reduction from frustration-free BH model}{chapter.7}% 66
\BOOKMARK [0][-]{chapter.8}{Conclusions}{}% 67
\BOOKMARK [1][-]{section.8.1}{Open Problems}{chapter.8}% 68
\BOOKMARK [0][-]{section*.5}{References}{}% 69
